INFO 2023-05-17 08:12:51,746 - Multiplayer Card Game Logs
INFO 2023-05-17 08:12:51,746 - player 1 cards: ['8_of_spades', '10_of_clubs', '2_of_spades', '5_of_clubs', '8_of_diamonds']
INFO 2023-05-17 08:12:51,746 - player 2 cards: ['13_of_diamonds', '4_of_hearts', '6_of_clubs', '12_of_spades', '11_of_hearts']
INFO 2023-05-17 08:12:51,746 - player 3 cards: ['14_of_spades', '13_of_spades', '6_of_hearts', '4_of_spades', '10_of_spades']
INFO 2023-05-17 08:12:51,746 - player 4 cards: ['11_of_spades', '2_of_hearts', '14_of_diamonds', '5_of_spades', '6_of_spades']
INFO 2023-05-17 08:12:51,746 - player 5 cards: ['3_of_hearts', '9_of_diamonds', '8_of_clubs', '4_of_diamonds', '5_of_hearts']
INFO 2023-05-17 08:12:51,746 - player 6 cards: ['9_of_clubs', '2_of_clubs', '7_of_spades', '11_of_clubs', '7_of_clubs']
INFO 2023-05-17 08:12:51,746 - Initial scores: {'player1': 33, 'player2': 46, 'player3': 44, 'player4': 35, 'player5': 29, 'player6': 36}
INFO 2023-05-17 08:12:51,845 - Final scores: {'player1': 33, 'player2': 46, 'player3': 44, 'player4': 35, 'player5': 29, 'player6': 36}
DEBUG 2023-05-17 08:12:51,861 - STREAM b'IHDR' 16 13
DEBUG 2023-05-17 08:12:51,861 - STREAM b'sBIT' 41 4
DEBUG 2023-05-17 08:12:51,861 - b'sBIT' 41 4 (unknown)
DEBUG 2023-05-17 08:12:51,861 - STREAM b'pHYs' 57 9
DEBUG 2023-05-17 08:12:51,861 - STREAM b'tEXt' 78 25
DEBUG 2023-05-17 08:12:51,861 - STREAM b'IDAT' 115 8192
DEBUG 2023-05-17 08:12:51,884 - STREAM b'IHDR' 16 13
DEBUG 2023-05-17 08:12:51,884 - STREAM b'sBIT' 41 4
DEBUG 2023-05-17 08:12:51,884 - b'sBIT' 41 4 (unknown)
DEBUG 2023-05-17 08:12:51,884 - STREAM b'pHYs' 57 9
DEBUG 2023-05-17 08:12:51,884 - STREAM b'tEXt' 78 25
DEBUG 2023-05-17 08:12:51,884 - STREAM b'IDAT' 115 8192
DEBUG 2023-05-17 08:12:51,901 - STREAM b'IHDR' 16 13
DEBUG 2023-05-17 08:12:51,901 - STREAM b'sBIT' 41 4
DEBUG 2023-05-17 08:12:51,902 - b'sBIT' 41 4 (unknown)
DEBUG 2023-05-17 08:12:51,902 - STREAM b'pHYs' 57 9
DEBUG 2023-05-17 08:12:51,902 - STREAM b'tEXt' 78 25
DEBUG 2023-05-17 08:12:51,902 - STREAM b'IDAT' 115 8192
DEBUG 2023-05-17 08:12:51,920 - STREAM b'IHDR' 16 13
DEBUG 2023-05-17 08:12:51,920 - STREAM b'sBIT' 41 4
DEBUG 2023-05-17 08:12:51,920 - b'sBIT' 41 4 (unknown)
DEBUG 2023-05-17 08:12:51,920 - STREAM b'pHYs' 57 9
DEBUG 2023-05-17 08:12:51,920 - STREAM b'tEXt' 78 25
DEBUG 2023-05-17 08:12:51,920 - STREAM b'IDAT' 115 8192
DEBUG 2023-05-17 08:12:51,938 - STREAM b'IHDR' 16 13
DEBUG 2023-05-17 08:12:51,939 - STREAM b'sBIT' 41 4
DEBUG 2023-05-17 08:12:51,939 - b'sBIT' 41 4 (unknown)
DEBUG 2023-05-17 08:12:51,939 - STREAM b'pHYs' 57 9
DEBUG 2023-05-17 08:12:51,939 - STREAM b'tEXt' 78 25
DEBUG 2023-05-17 08:12:51,939 - STREAM b'IDAT' 115 8192
DEBUG 2023-05-17 08:12:51,957 - STREAM b'IHDR' 16 13
DEBUG 2023-05-17 08:12:51,957 - STREAM b'sBIT' 41 4
DEBUG 2023-05-17 08:12:51,957 - b'sBIT' 41 4 (unknown)
DEBUG 2023-05-17 08:12:51,957 - STREAM b'pHYs' 57 9
DEBUG 2023-05-17 08:12:51,957 - STREAM b'tEXt' 78 25
DEBUG 2023-05-17 08:12:51,957 - STREAM b'IDAT' 115 8192
DEBUG 2023-05-17 08:12:51,981 - STREAM b'IHDR' 16 13
DEBUG 2023-05-17 08:12:51,981 - STREAM b'sBIT' 41 4
DEBUG 2023-05-17 08:12:51,982 - b'sBIT' 41 4 (unknown)
DEBUG 2023-05-17 08:12:51,982 - STREAM b'pHYs' 57 9
DEBUG 2023-05-17 08:12:51,982 - STREAM b'tEXt' 78 25
DEBUG 2023-05-17 08:12:51,982 - STREAM b'IDAT' 115 8192
DEBUG 2023-05-17 08:12:51,999 - STREAM b'IHDR' 16 13
DEBUG 2023-05-17 08:12:51,999 - STREAM b'sBIT' 41 4
DEBUG 2023-05-17 08:12:51,999 - b'sBIT' 41 4 (unknown)
DEBUG 2023-05-17 08:12:51,999 - STREAM b'pHYs' 57 9
DEBUG 2023-05-17 08:12:51,999 - STREAM b'tEXt' 78 25
DEBUG 2023-05-17 08:12:51,999 - STREAM b'IDAT' 115 8192
DEBUG 2023-05-17 08:12:52,016 - STREAM b'IHDR' 16 13
DEBUG 2023-05-17 08:12:52,016 - STREAM b'sBIT' 41 4
DEBUG 2023-05-17 08:12:52,016 - b'sBIT' 41 4 (unknown)
DEBUG 2023-05-17 08:12:52,016 - STREAM b'pHYs' 57 9
DEBUG 2023-05-17 08:12:52,016 - STREAM b'tEXt' 78 25
DEBUG 2023-05-17 08:12:52,017 - STREAM b'IDAT' 115 8192
DEBUG 2023-05-17 08:12:52,038 - STREAM b'IHDR' 16 13
DEBUG 2023-05-17 08:12:52,038 - STREAM b'sBIT' 41 4
DEBUG 2023-05-17 08:12:52,038 - b'sBIT' 41 4 (unknown)
DEBUG 2023-05-17 08:12:52,039 - STREAM b'pHYs' 57 9
DEBUG 2023-05-17 08:12:52,039 - STREAM b'tEXt' 78 25
DEBUG 2023-05-17 08:12:52,039 - STREAM b'IDAT' 115 8192
DEBUG 2023-05-17 08:12:52,065 - STREAM b'IHDR' 16 13
DEBUG 2023-05-17 08:12:52,065 - STREAM b'sBIT' 41 4
DEBUG 2023-05-17 08:12:52,065 - b'sBIT' 41 4 (unknown)
DEBUG 2023-05-17 08:12:52,065 - STREAM b'pHYs' 57 9
DEBUG 2023-05-17 08:12:52,066 - STREAM b'tEXt' 78 25
DEBUG 2023-05-17 08:12:52,066 - STREAM b'IDAT' 115 8192
DEBUG 2023-05-17 08:12:52,085 - STREAM b'IHDR' 16 13
DEBUG 2023-05-17 08:12:52,085 - STREAM b'sBIT' 41 4
DEBUG 2023-05-17 08:12:52,085 - b'sBIT' 41 4 (unknown)
DEBUG 2023-05-17 08:12:52,085 - STREAM b'pHYs' 57 9
DEBUG 2023-05-17 08:12:52,085 - STREAM b'tEXt' 78 25
DEBUG 2023-05-17 08:12:52,085 - STREAM b'IDAT' 115 8192
DEBUG 2023-05-17 08:12:52,115 - STREAM b'IHDR' 16 13
DEBUG 2023-05-17 08:12:52,116 - STREAM b'sBIT' 41 4
DEBUG 2023-05-17 08:12:52,116 - b'sBIT' 41 4 (unknown)
DEBUG 2023-05-17 08:12:52,116 - STREAM b'pHYs' 57 9
DEBUG 2023-05-17 08:12:52,116 - STREAM b'tEXt' 78 25
DEBUG 2023-05-17 08:12:52,116 - STREAM b'IDAT' 115 8192
DEBUG 2023-05-17 08:12:52,139 - STREAM b'IHDR' 16 13
DEBUG 2023-05-17 08:12:52,139 - STREAM b'sBIT' 41 4
DEBUG 2023-05-17 08:12:52,139 - b'sBIT' 41 4 (unknown)
DEBUG 2023-05-17 08:12:52,139 - STREAM b'pHYs' 57 9
DEBUG 2023-05-17 08:12:52,139 - STREAM b'tEXt' 78 25
DEBUG 2023-05-17 08:12:52,139 - STREAM b'IDAT' 115 8192
DEBUG 2023-05-17 08:12:52,158 - STREAM b'IHDR' 16 13
DEBUG 2023-05-17 08:12:52,158 - STREAM b'sBIT' 41 4
DEBUG 2023-05-17 08:12:52,158 - b'sBIT' 41 4 (unknown)
DEBUG 2023-05-17 08:12:52,158 - STREAM b'pHYs' 57 9
DEBUG 2023-05-17 08:12:52,159 - STREAM b'tEXt' 78 25
DEBUG 2023-05-17 08:12:52,159 - STREAM b'IDAT' 115 8192
DEBUG 2023-05-17 08:12:52,176 - STREAM b'IHDR' 16 13
DEBUG 2023-05-17 08:12:52,176 - STREAM b'sBIT' 41 4
DEBUG 2023-05-17 08:12:52,176 - b'sBIT' 41 4 (unknown)
DEBUG 2023-05-17 08:12:52,177 - STREAM b'pHYs' 57 9
DEBUG 2023-05-17 08:12:52,177 - STREAM b'tEXt' 78 25
DEBUG 2023-05-17 08:12:52,177 - STREAM b'IDAT' 115 8192
DEBUG 2023-05-17 08:12:52,201 - STREAM b'IHDR' 16 13
DEBUG 2023-05-17 08:12:52,201 - STREAM b'sBIT' 41 4
DEBUG 2023-05-17 08:12:52,201 - b'sBIT' 41 4 (unknown)
DEBUG 2023-05-17 08:12:52,201 - STREAM b'pHYs' 57 9
DEBUG 2023-05-17 08:12:52,201 - STREAM b'tEXt' 78 25
DEBUG 2023-05-17 08:12:52,201 - STREAM b'IDAT' 115 8192
DEBUG 2023-05-17 08:12:52,218 - STREAM b'IHDR' 16 13
DEBUG 2023-05-17 08:12:52,218 - STREAM b'sBIT' 41 4
DEBUG 2023-05-17 08:12:52,218 - b'sBIT' 41 4 (unknown)
DEBUG 2023-05-17 08:12:52,218 - STREAM b'pHYs' 57 9
DEBUG 2023-05-17 08:12:52,218 - STREAM b'tEXt' 78 25
DEBUG 2023-05-17 08:12:52,218 - STREAM b'IDAT' 115 8192
DEBUG 2023-05-17 08:12:52,234 - STREAM b'IHDR' 16 13
DEBUG 2023-05-17 08:12:52,234 - STREAM b'sBIT' 41 4
DEBUG 2023-05-17 08:12:52,234 - b'sBIT' 41 4 (unknown)
DEBUG 2023-05-17 08:12:52,234 - STREAM b'pHYs' 57 9
DEBUG 2023-05-17 08:12:52,234 - STREAM b'tEXt' 78 25
DEBUG 2023-05-17 08:12:52,235 - STREAM b'IDAT' 115 8192
DEBUG 2023-05-17 08:12:52,251 - STREAM b'IHDR' 16 13
DEBUG 2023-05-17 08:12:52,251 - STREAM b'sBIT' 41 4
DEBUG 2023-05-17 08:12:52,251 - b'sBIT' 41 4 (unknown)
DEBUG 2023-05-17 08:12:52,251 - STREAM b'pHYs' 57 9
DEBUG 2023-05-17 08:12:52,251 - STREAM b'tEXt' 78 25
DEBUG 2023-05-17 08:12:52,251 - STREAM b'IDAT' 115 8192
DEBUG 2023-05-17 08:12:52,267 - STREAM b'IHDR' 16 13
DEBUG 2023-05-17 08:12:52,267 - STREAM b'sBIT' 41 4
DEBUG 2023-05-17 08:12:52,268 - b'sBIT' 41 4 (unknown)
DEBUG 2023-05-17 08:12:52,268 - STREAM b'pHYs' 57 9
DEBUG 2023-05-17 08:12:52,268 - STREAM b'tEXt' 78 25
DEBUG 2023-05-17 08:12:52,268 - STREAM b'IDAT' 115 8192
DEBUG 2023-05-17 08:12:52,284 - STREAM b'IHDR' 16 13
DEBUG 2023-05-17 08:12:52,284 - STREAM b'sBIT' 41 4
DEBUG 2023-05-17 08:12:52,284 - b'sBIT' 41 4 (unknown)
DEBUG 2023-05-17 08:12:52,284 - STREAM b'pHYs' 57 9
DEBUG 2023-05-17 08:12:52,284 - STREAM b'tEXt' 78 25
DEBUG 2023-05-17 08:12:52,284 - STREAM b'IDAT' 115 8192
DEBUG 2023-05-17 08:12:52,300 - STREAM b'IHDR' 16 13
DEBUG 2023-05-17 08:12:52,300 - STREAM b'sBIT' 41 4
DEBUG 2023-05-17 08:12:52,300 - b'sBIT' 41 4 (unknown)
DEBUG 2023-05-17 08:12:52,300 - STREAM b'pHYs' 57 9
DEBUG 2023-05-17 08:12:52,300 - STREAM b'tEXt' 78 25
DEBUG 2023-05-17 08:12:52,301 - STREAM b'IDAT' 115 8192
DEBUG 2023-05-17 08:12:52,317 - STREAM b'IHDR' 16 13
DEBUG 2023-05-17 08:12:52,317 - STREAM b'sBIT' 41 4
DEBUG 2023-05-17 08:12:52,317 - b'sBIT' 41 4 (unknown)
DEBUG 2023-05-17 08:12:52,317 - STREAM b'pHYs' 57 9
DEBUG 2023-05-17 08:12:52,317 - STREAM b'tEXt' 78 25
DEBUG 2023-05-17 08:12:52,317 - STREAM b'IDAT' 115 8192
DEBUG 2023-05-17 08:12:52,333 - STREAM b'IHDR' 16 13
DEBUG 2023-05-17 08:12:52,333 - STREAM b'sBIT' 41 4
DEBUG 2023-05-17 08:12:52,333 - b'sBIT' 41 4 (unknown)
DEBUG 2023-05-17 08:12:52,333 - STREAM b'pHYs' 57 9
DEBUG 2023-05-17 08:12:52,333 - STREAM b'tEXt' 78 25
DEBUG 2023-05-17 08:12:52,333 - STREAM b'IDAT' 115 8192
DEBUG 2023-05-17 08:12:52,349 - STREAM b'IHDR' 16 13
DEBUG 2023-05-17 08:12:52,349 - STREAM b'sBIT' 41 4
DEBUG 2023-05-17 08:12:52,349 - b'sBIT' 41 4 (unknown)
DEBUG 2023-05-17 08:12:52,349 - STREAM b'pHYs' 57 9
DEBUG 2023-05-17 08:12:52,349 - STREAM b'tEXt' 78 25
DEBUG 2023-05-17 08:12:52,349 - STREAM b'IDAT' 115 8192
DEBUG 2023-05-17 08:12:52,366 - STREAM b'IHDR' 16 13
DEBUG 2023-05-17 08:12:52,366 - STREAM b'sBIT' 41 4
DEBUG 2023-05-17 08:12:52,366 - b'sBIT' 41 4 (unknown)
DEBUG 2023-05-17 08:12:52,366 - STREAM b'pHYs' 57 9
DEBUG 2023-05-17 08:12:52,366 - STREAM b'tEXt' 78 25
DEBUG 2023-05-17 08:12:52,366 - STREAM b'IDAT' 115 8192
DEBUG 2023-05-17 08:12:52,382 - STREAM b'IHDR' 16 13
DEBUG 2023-05-17 08:12:52,382 - STREAM b'sBIT' 41 4
DEBUG 2023-05-17 08:12:52,382 - b'sBIT' 41 4 (unknown)
DEBUG 2023-05-17 08:12:52,382 - STREAM b'pHYs' 57 9
DEBUG 2023-05-17 08:12:52,382 - STREAM b'tEXt' 78 25
DEBUG 2023-05-17 08:12:52,382 - STREAM b'IDAT' 115 8192
DEBUG 2023-05-17 08:12:52,398 - STREAM b'IHDR' 16 13
DEBUG 2023-05-17 08:12:52,398 - STREAM b'sBIT' 41 4
DEBUG 2023-05-17 08:12:52,398 - b'sBIT' 41 4 (unknown)
DEBUG 2023-05-17 08:12:52,398 - STREAM b'pHYs' 57 9
DEBUG 2023-05-17 08:12:52,399 - STREAM b'tEXt' 78 25
DEBUG 2023-05-17 08:12:52,399 - STREAM b'IDAT' 115 8192
DEBUG 2023-05-17 08:12:52,419 - STREAM b'IHDR' 16 13
DEBUG 2023-05-17 08:12:52,419 - STREAM b'sBIT' 41 4
DEBUG 2023-05-17 08:12:52,419 - b'sBIT' 41 4 (unknown)
DEBUG 2023-05-17 08:12:52,419 - STREAM b'pHYs' 57 9
DEBUG 2023-05-17 08:12:52,419 - STREAM b'tEXt' 78 25
DEBUG 2023-05-17 08:12:52,419 - STREAM b'IDAT' 115 8192
INFO 2023-05-17 08:12:55,139 - player 1 cards: ['12_of_diamonds', '3_of_clubs', '6_of_spades', '4_of_clubs', '4_of_diamonds']
INFO 2023-05-17 08:12:55,139 - player 2 cards: ['2_of_clubs', '13_of_spades', '3_of_spades', '10_of_spades', '2_of_hearts']
INFO 2023-05-17 08:12:55,139 - player 3 cards: ['14_of_clubs', '8_of_spades', '3_of_diamonds', '13_of_hearts', '13_of_diamonds']
INFO 2023-05-17 08:12:55,139 - player 4 cards: ['4_of_hearts', '9_of_diamonds', '7_of_spades', '14_of_hearts', '14_of_spades']
INFO 2023-05-17 08:12:55,139 - player 5 cards: ['9_of_hearts', '9_of_spades', '5_of_clubs', '10_of_diamonds', '4_of_spades']
INFO 2023-05-17 08:12:55,140 - player 6 cards: ['8_of_clubs', '6_of_hearts', '12_of_clubs', '7_of_diamonds', '12_of_spades']
INFO 2023-05-17 08:12:55,140 - Initial scores: {'player1': 29, 'player2': 30, 'player3': 48, 'player4': 42, 'player5': 37, 'player6': 45}
INFO 2023-05-17 08:12:55,141 - Final scores: {'player1': 29, 'player2': 30, 'player3': 48, 'player4': 42, 'player5': 37, 'player6': 45}
DEBUG 2023-05-17 08:12:55,141 - STREAM b'IHDR' 16 13
DEBUG 2023-05-17 08:12:55,141 - STREAM b'sBIT' 41 4
DEBUG 2023-05-17 08:12:55,142 - b'sBIT' 41 4 (unknown)
DEBUG 2023-05-17 08:12:55,142 - STREAM b'pHYs' 57 9
DEBUG 2023-05-17 08:12:55,142 - STREAM b'tEXt' 78 25
DEBUG 2023-05-17 08:12:55,142 - STREAM b'IDAT' 115 8192
DEBUG 2023-05-17 08:12:55,164 - STREAM b'IHDR' 16 13
DEBUG 2023-05-17 08:12:55,165 - STREAM b'sBIT' 41 4
DEBUG 2023-05-17 08:12:55,165 - b'sBIT' 41 4 (unknown)
DEBUG 2023-05-17 08:12:55,165 - STREAM b'pHYs' 57 9
DEBUG 2023-05-17 08:12:55,165 - STREAM b'tEXt' 78 25
DEBUG 2023-05-17 08:12:55,165 - STREAM b'IDAT' 115 8192
DEBUG 2023-05-17 08:12:55,182 - STREAM b'IHDR' 16 13
DEBUG 2023-05-17 08:12:55,182 - STREAM b'sBIT' 41 4
DEBUG 2023-05-17 08:12:55,182 - b'sBIT' 41 4 (unknown)
DEBUG 2023-05-17 08:12:55,182 - STREAM b'pHYs' 57 9
DEBUG 2023-05-17 08:12:55,182 - STREAM b'tEXt' 78 25
DEBUG 2023-05-17 08:12:55,182 - STREAM b'IDAT' 115 8192
DEBUG 2023-05-17 08:12:55,198 - STREAM b'IHDR' 16 13
DEBUG 2023-05-17 08:12:55,198 - STREAM b'sBIT' 41 4
DEBUG 2023-05-17 08:12:55,199 - b'sBIT' 41 4 (unknown)
DEBUG 2023-05-17 08:12:55,199 - STREAM b'pHYs' 57 9
DEBUG 2023-05-17 08:12:55,199 - STREAM b'tEXt' 78 25
DEBUG 2023-05-17 08:12:55,199 - STREAM b'IDAT' 115 8192
DEBUG 2023-05-17 08:12:55,214 - STREAM b'IHDR' 16 13
DEBUG 2023-05-17 08:12:55,215 - STREAM b'sBIT' 41 4
DEBUG 2023-05-17 08:12:55,215 - b'sBIT' 41 4 (unknown)
DEBUG 2023-05-17 08:12:55,215 - STREAM b'pHYs' 57 9
DEBUG 2023-05-17 08:12:55,215 - STREAM b'tEXt' 78 25
DEBUG 2023-05-17 08:12:55,215 - STREAM b'IDAT' 115 8192
DEBUG 2023-05-17 08:12:55,231 - STREAM b'IHDR' 16 13
DEBUG 2023-05-17 08:12:55,231 - STREAM b'sBIT' 41 4
DEBUG 2023-05-17 08:12:55,231 - b'sBIT' 41 4 (unknown)
DEBUG 2023-05-17 08:12:55,231 - STREAM b'pHYs' 57 9
DEBUG 2023-05-17 08:12:55,231 - STREAM b'tEXt' 78 25
DEBUG 2023-05-17 08:12:55,231 - STREAM b'IDAT' 115 8192
DEBUG 2023-05-17 08:12:55,247 - STREAM b'IHDR' 16 13
DEBUG 2023-05-17 08:12:55,247 - STREAM b'sBIT' 41 4
DEBUG 2023-05-17 08:12:55,248 - b'sBIT' 41 4 (unknown)
DEBUG 2023-05-17 08:12:55,248 - STREAM b'pHYs' 57 9
DEBUG 2023-05-17 08:12:55,248 - STREAM b'tEXt' 78 25
DEBUG 2023-05-17 08:12:55,248 - STREAM b'IDAT' 115 8192
DEBUG 2023-05-17 08:12:55,269 - STREAM b'IHDR' 16 13
DEBUG 2023-05-17 08:12:55,269 - STREAM b'sBIT' 41 4
DEBUG 2023-05-17 08:12:55,269 - b'sBIT' 41 4 (unknown)
DEBUG 2023-05-17 08:12:55,269 - STREAM b'pHYs' 57 9
DEBUG 2023-05-17 08:12:55,269 - STREAM b'tEXt' 78 25
DEBUG 2023-05-17 08:12:55,270 - STREAM b'IDAT' 115 8192
DEBUG 2023-05-17 08:12:55,285 - STREAM b'IHDR' 16 13
DEBUG 2023-05-17 08:12:55,285 - STREAM b'sBIT' 41 4
DEBUG 2023-05-17 08:12:55,285 - b'sBIT' 41 4 (unknown)
DEBUG 2023-05-17 08:12:55,285 - STREAM b'pHYs' 57 9
DEBUG 2023-05-17 08:12:55,286 - STREAM b'tEXt' 78 25
DEBUG 2023-05-17 08:12:55,286 - STREAM b'IDAT' 115 8192
DEBUG 2023-05-17 08:12:55,302 - STREAM b'IHDR' 16 13
DEBUG 2023-05-17 08:12:55,302 - STREAM b'sBIT' 41 4
DEBUG 2023-05-17 08:12:55,302 - b'sBIT' 41 4 (unknown)
DEBUG 2023-05-17 08:12:55,302 - STREAM b'pHYs' 57 9
DEBUG 2023-05-17 08:12:55,302 - STREAM b'tEXt' 78 25
DEBUG 2023-05-17 08:12:55,302 - STREAM b'IDAT' 115 8192
DEBUG 2023-05-17 08:12:55,318 - STREAM b'IHDR' 16 13
DEBUG 2023-05-17 08:12:55,318 - STREAM b'sBIT' 41 4
DEBUG 2023-05-17 08:12:55,318 - b'sBIT' 41 4 (unknown)
DEBUG 2023-05-17 08:12:55,318 - STREAM b'pHYs' 57 9
DEBUG 2023-05-17 08:12:55,318 - STREAM b'tEXt' 78 25
DEBUG 2023-05-17 08:12:55,318 - STREAM b'IDAT' 115 8192
DEBUG 2023-05-17 08:12:55,335 - STREAM b'IHDR' 16 13
DEBUG 2023-05-17 08:12:55,335 - STREAM b'sBIT' 41 4
DEBUG 2023-05-17 08:12:55,335 - b'sBIT' 41 4 (unknown)
DEBUG 2023-05-17 08:12:55,335 - STREAM b'pHYs' 57 9
DEBUG 2023-05-17 08:12:55,335 - STREAM b'tEXt' 78 25
DEBUG 2023-05-17 08:12:55,335 - STREAM b'IDAT' 115 8192
DEBUG 2023-05-17 08:12:55,351 - STREAM b'IHDR' 16 13
DEBUG 2023-05-17 08:12:55,352 - STREAM b'sBIT' 41 4
DEBUG 2023-05-17 08:12:55,352 - b'sBIT' 41 4 (unknown)
DEBUG 2023-05-17 08:12:55,352 - STREAM b'pHYs' 57 9
DEBUG 2023-05-17 08:12:55,352 - STREAM b'tEXt' 78 25
DEBUG 2023-05-17 08:12:55,352 - STREAM b'IDAT' 115 8192
DEBUG 2023-05-17 08:12:55,367 - STREAM b'IHDR' 16 13
DEBUG 2023-05-17 08:12:55,368 - STREAM b'sBIT' 41 4
DEBUG 2023-05-17 08:12:55,368 - b'sBIT' 41 4 (unknown)
DEBUG 2023-05-17 08:12:55,368 - STREAM b'pHYs' 57 9
DEBUG 2023-05-17 08:12:55,368 - STREAM b'tEXt' 78 25
DEBUG 2023-05-17 08:12:55,368 - STREAM b'IDAT' 115 8192
DEBUG 2023-05-17 08:12:55,391 - STREAM b'IHDR' 16 13
DEBUG 2023-05-17 08:12:55,391 - STREAM b'sBIT' 41 4
DEBUG 2023-05-17 08:12:55,391 - b'sBIT' 41 4 (unknown)
DEBUG 2023-05-17 08:12:55,392 - STREAM b'pHYs' 57 9
DEBUG 2023-05-17 08:12:55,392 - STREAM b'tEXt' 78 25
DEBUG 2023-05-17 08:12:55,392 - STREAM b'IDAT' 115 8192
DEBUG 2023-05-17 08:12:55,414 - STREAM b'IHDR' 16 13
DEBUG 2023-05-17 08:12:55,414 - STREAM b'sBIT' 41 4
DEBUG 2023-05-17 08:12:55,414 - b'sBIT' 41 4 (unknown)
DEBUG 2023-05-17 08:12:55,414 - STREAM b'pHYs' 57 9
DEBUG 2023-05-17 08:12:55,414 - STREAM b'tEXt' 78 25
DEBUG 2023-05-17 08:12:55,414 - STREAM b'IDAT' 115 8192
DEBUG 2023-05-17 08:12:55,430 - STREAM b'IHDR' 16 13
DEBUG 2023-05-17 08:12:55,430 - STREAM b'sBIT' 41 4
DEBUG 2023-05-17 08:12:55,430 - b'sBIT' 41 4 (unknown)
DEBUG 2023-05-17 08:12:55,430 - STREAM b'pHYs' 57 9
DEBUG 2023-05-17 08:12:55,430 - STREAM b'tEXt' 78 25
DEBUG 2023-05-17 08:12:55,430 - STREAM b'IDAT' 115 8192
DEBUG 2023-05-17 08:12:55,446 - STREAM b'IHDR' 16 13
DEBUG 2023-05-17 08:12:55,447 - STREAM b'sBIT' 41 4
DEBUG 2023-05-17 08:12:55,447 - b'sBIT' 41 4 (unknown)
DEBUG 2023-05-17 08:12:55,447 - STREAM b'pHYs' 57 9
DEBUG 2023-05-17 08:12:55,447 - STREAM b'tEXt' 78 25
DEBUG 2023-05-17 08:12:55,447 - STREAM b'IDAT' 115 8192
DEBUG 2023-05-17 08:12:55,463 - STREAM b'IHDR' 16 13
DEBUG 2023-05-17 08:12:55,463 - STREAM b'sBIT' 41 4
DEBUG 2023-05-17 08:12:55,463 - b'sBIT' 41 4 (unknown)
DEBUG 2023-05-17 08:12:55,463 - STREAM b'pHYs' 57 9
DEBUG 2023-05-17 08:12:55,463 - STREAM b'tEXt' 78 25
DEBUG 2023-05-17 08:12:55,463 - STREAM b'IDAT' 115 8192
DEBUG 2023-05-17 08:12:55,480 - STREAM b'IHDR' 16 13
DEBUG 2023-05-17 08:12:55,480 - STREAM b'sBIT' 41 4
DEBUG 2023-05-17 08:12:55,480 - b'sBIT' 41 4 (unknown)
DEBUG 2023-05-17 08:12:55,480 - STREAM b'pHYs' 57 9
DEBUG 2023-05-17 08:12:55,480 - STREAM b'tEXt' 78 25
DEBUG 2023-05-17 08:12:55,480 - STREAM b'IDAT' 115 8192
DEBUG 2023-05-17 08:12:55,496 - STREAM b'IHDR' 16 13
DEBUG 2023-05-17 08:12:55,497 - STREAM b'sBIT' 41 4
DEBUG 2023-05-17 08:12:55,497 - b'sBIT' 41 4 (unknown)
DEBUG 2023-05-17 08:12:55,497 - STREAM b'pHYs' 57 9
DEBUG 2023-05-17 08:12:55,497 - STREAM b'tEXt' 78 25
DEBUG 2023-05-17 08:12:55,497 - STREAM b'IDAT' 115 8192
DEBUG 2023-05-17 08:12:55,513 - STREAM b'IHDR' 16 13
DEBUG 2023-05-17 08:12:55,513 - STREAM b'sBIT' 41 4
DEBUG 2023-05-17 08:12:55,513 - b'sBIT' 41 4 (unknown)
DEBUG 2023-05-17 08:12:55,513 - STREAM b'pHYs' 57 9
DEBUG 2023-05-17 08:12:55,513 - STREAM b'tEXt' 78 25
DEBUG 2023-05-17 08:12:55,514 - STREAM b'IDAT' 115 8192
DEBUG 2023-05-17 08:12:55,529 - STREAM b'IHDR' 16 13
DEBUG 2023-05-17 08:12:55,530 - STREAM b'sBIT' 41 4
DEBUG 2023-05-17 08:12:55,530 - b'sBIT' 41 4 (unknown)
DEBUG 2023-05-17 08:12:55,530 - STREAM b'pHYs' 57 9
DEBUG 2023-05-17 08:12:55,530 - STREAM b'tEXt' 78 25
DEBUG 2023-05-17 08:12:55,530 - STREAM b'IDAT' 115 8192
DEBUG 2023-05-17 08:12:55,546 - STREAM b'IHDR' 16 13
DEBUG 2023-05-17 08:12:55,546 - STREAM b'sBIT' 41 4
DEBUG 2023-05-17 08:12:55,546 - b'sBIT' 41 4 (unknown)
DEBUG 2023-05-17 08:12:55,546 - STREAM b'pHYs' 57 9
DEBUG 2023-05-17 08:12:55,546 - STREAM b'tEXt' 78 25
DEBUG 2023-05-17 08:12:55,547 - STREAM b'IDAT' 115 8192
DEBUG 2023-05-17 08:12:55,563 - STREAM b'IHDR' 16 13
DEBUG 2023-05-17 08:12:55,563 - STREAM b'sBIT' 41 4
DEBUG 2023-05-17 08:12:55,563 - b'sBIT' 41 4 (unknown)
DEBUG 2023-05-17 08:12:55,563 - STREAM b'pHYs' 57 9
DEBUG 2023-05-17 08:12:55,563 - STREAM b'tEXt' 78 25
DEBUG 2023-05-17 08:12:55,563 - STREAM b'IDAT' 115 8192
DEBUG 2023-05-17 08:12:55,579 - STREAM b'IHDR' 16 13
DEBUG 2023-05-17 08:12:55,579 - STREAM b'sBIT' 41 4
DEBUG 2023-05-17 08:12:55,579 - b'sBIT' 41 4 (unknown)
DEBUG 2023-05-17 08:12:55,579 - STREAM b'pHYs' 57 9
DEBUG 2023-05-17 08:12:55,579 - STREAM b'tEXt' 78 25
DEBUG 2023-05-17 08:12:55,579 - STREAM b'IDAT' 115 8192
DEBUG 2023-05-17 08:12:55,596 - STREAM b'IHDR' 16 13
DEBUG 2023-05-17 08:12:55,596 - STREAM b'sBIT' 41 4
DEBUG 2023-05-17 08:12:55,596 - b'sBIT' 41 4 (unknown)
DEBUG 2023-05-17 08:12:55,596 - STREAM b'pHYs' 57 9
DEBUG 2023-05-17 08:12:55,596 - STREAM b'tEXt' 78 25
DEBUG 2023-05-17 08:12:55,596 - STREAM b'IDAT' 115 8192
DEBUG 2023-05-17 08:12:55,612 - STREAM b'IHDR' 16 13
DEBUG 2023-05-17 08:12:55,612 - STREAM b'sBIT' 41 4
DEBUG 2023-05-17 08:12:55,612 - b'sBIT' 41 4 (unknown)
DEBUG 2023-05-17 08:12:55,612 - STREAM b'pHYs' 57 9
DEBUG 2023-05-17 08:12:55,612 - STREAM b'tEXt' 78 25
DEBUG 2023-05-17 08:12:55,612 - STREAM b'IDAT' 115 8192
DEBUG 2023-05-17 08:12:55,635 - STREAM b'IHDR' 16 13
DEBUG 2023-05-17 08:12:55,636 - STREAM b'sBIT' 41 4
DEBUG 2023-05-17 08:12:55,636 - b'sBIT' 41 4 (unknown)
DEBUG 2023-05-17 08:12:55,636 - STREAM b'pHYs' 57 9
DEBUG 2023-05-17 08:12:55,636 - STREAM b'tEXt' 78 25
DEBUG 2023-05-17 08:12:55,636 - STREAM b'IDAT' 115 8192
DEBUG 2023-05-17 08:12:55,652 - STREAM b'IHDR' 16 13
DEBUG 2023-05-17 08:12:55,652 - STREAM b'sBIT' 41 4
DEBUG 2023-05-17 08:12:55,652 - b'sBIT' 41 4 (unknown)
DEBUG 2023-05-17 08:12:55,652 - STREAM b'pHYs' 57 9
DEBUG 2023-05-17 08:12:55,652 - STREAM b'tEXt' 78 25
DEBUG 2023-05-17 08:12:55,652 - STREAM b'IDAT' 115 8192
INFO 2023-05-17 08:12:57,085 - player 1 cards: ['12_of_hearts', '5_of_hearts', '3_of_spades', '8_of_spades', '8_of_diamonds']
INFO 2023-05-17 08:12:57,085 - player 2 cards: ['10_of_spades', '8_of_hearts', '4_of_clubs', '13_of_spades', '14_of_spades']
INFO 2023-05-17 08:12:57,085 - player 3 cards: ['14_of_clubs', '8_of_clubs', '7_of_hearts', '4_of_diamonds', '10_of_hearts']
INFO 2023-05-17 08:12:57,085 - player 4 cards: ['3_of_hearts', '12_of_clubs', '9_of_clubs', '6_of_clubs', '3_of_diamonds']
INFO 2023-05-17 08:12:57,085 - player 5 cards: ['2_of_clubs', '6_of_spades', '6_of_diamonds', '7_of_diamonds', '5_of_clubs']
INFO 2023-05-17 08:12:57,085 - player 6 cards: ['3_of_clubs', '7_of_clubs', '10_of_clubs', '12_of_spades', '12_of_diamonds']
INFO 2023-05-17 08:12:57,085 - Initial scores: {'player1': 36, 'player2': 46, 'player3': 40, 'player4': 33, 'player5': 26, 'player6': 44}
INFO 2023-05-17 08:12:57,086 - Final scores: {'player1': 36, 'player2': 46, 'player3': 40, 'player4': 33, 'player5': 26, 'player6': 44}
DEBUG 2023-05-17 08:12:57,087 - STREAM b'IHDR' 16 13
DEBUG 2023-05-17 08:12:57,087 - STREAM b'sBIT' 41 4
DEBUG 2023-05-17 08:12:57,087 - b'sBIT' 41 4 (unknown)
DEBUG 2023-05-17 08:12:57,087 - STREAM b'pHYs' 57 9
DEBUG 2023-05-17 08:12:57,088 - STREAM b'tEXt' 78 25
DEBUG 2023-05-17 08:12:57,088 - STREAM b'IDAT' 115 8192
DEBUG 2023-05-17 08:12:57,116 - STREAM b'IHDR' 16 13
DEBUG 2023-05-17 08:12:57,116 - STREAM b'sBIT' 41 4
DEBUG 2023-05-17 08:12:57,116 - b'sBIT' 41 4 (unknown)
DEBUG 2023-05-17 08:12:57,116 - STREAM b'pHYs' 57 9
DEBUG 2023-05-17 08:12:57,116 - STREAM b'tEXt' 78 25
DEBUG 2023-05-17 08:12:57,116 - STREAM b'IDAT' 115 8192
DEBUG 2023-05-17 08:12:57,132 - STREAM b'IHDR' 16 13
DEBUG 2023-05-17 08:12:57,132 - STREAM b'sBIT' 41 4
DEBUG 2023-05-17 08:12:57,132 - b'sBIT' 41 4 (unknown)
DEBUG 2023-05-17 08:12:57,133 - STREAM b'pHYs' 57 9
DEBUG 2023-05-17 08:12:57,133 - STREAM b'tEXt' 78 25
DEBUG 2023-05-17 08:12:57,133 - STREAM b'IDAT' 115 8192
DEBUG 2023-05-17 08:12:57,148 - STREAM b'IHDR' 16 13
DEBUG 2023-05-17 08:12:57,148 - STREAM b'sBIT' 41 4
DEBUG 2023-05-17 08:12:57,149 - b'sBIT' 41 4 (unknown)
DEBUG 2023-05-17 08:12:57,149 - STREAM b'pHYs' 57 9
DEBUG 2023-05-17 08:12:57,149 - STREAM b'tEXt' 78 25
DEBUG 2023-05-17 08:12:57,149 - STREAM b'IDAT' 115 8192
DEBUG 2023-05-17 08:12:57,165 - STREAM b'IHDR' 16 13
DEBUG 2023-05-17 08:12:57,165 - STREAM b'sBIT' 41 4
DEBUG 2023-05-17 08:12:57,165 - b'sBIT' 41 4 (unknown)
DEBUG 2023-05-17 08:12:57,165 - STREAM b'pHYs' 57 9
DEBUG 2023-05-17 08:12:57,165 - STREAM b'tEXt' 78 25
DEBUG 2023-05-17 08:12:57,165 - STREAM b'IDAT' 115 8192
DEBUG 2023-05-17 08:12:57,181 - STREAM b'IHDR' 16 13
DEBUG 2023-05-17 08:12:57,181 - STREAM b'sBIT' 41 4
DEBUG 2023-05-17 08:12:57,182 - b'sBIT' 41 4 (unknown)
DEBUG 2023-05-17 08:12:57,182 - STREAM b'pHYs' 57 9
DEBUG 2023-05-17 08:12:57,182 - STREAM b'tEXt' 78 25
DEBUG 2023-05-17 08:12:57,182 - STREAM b'IDAT' 115 8192
DEBUG 2023-05-17 08:12:57,198 - STREAM b'IHDR' 16 13
DEBUG 2023-05-17 08:12:57,198 - STREAM b'sBIT' 41 4
DEBUG 2023-05-17 08:12:57,198 - b'sBIT' 41 4 (unknown)
DEBUG 2023-05-17 08:12:57,198 - STREAM b'pHYs' 57 9
DEBUG 2023-05-17 08:12:57,198 - STREAM b'tEXt' 78 25
DEBUG 2023-05-17 08:12:57,198 - STREAM b'IDAT' 115 8192
DEBUG 2023-05-17 08:12:57,214 - STREAM b'IHDR' 16 13
DEBUG 2023-05-17 08:12:57,214 - STREAM b'sBIT' 41 4
DEBUG 2023-05-17 08:12:57,214 - b'sBIT' 41 4 (unknown)
DEBUG 2023-05-17 08:12:57,214 - STREAM b'pHYs' 57 9
DEBUG 2023-05-17 08:12:57,215 - STREAM b'tEXt' 78 25
DEBUG 2023-05-17 08:12:57,215 - STREAM b'IDAT' 115 8192
DEBUG 2023-05-17 08:12:57,230 - STREAM b'IHDR' 16 13
DEBUG 2023-05-17 08:12:57,231 - STREAM b'sBIT' 41 4
DEBUG 2023-05-17 08:12:57,231 - b'sBIT' 41 4 (unknown)
DEBUG 2023-05-17 08:12:57,231 - STREAM b'pHYs' 57 9
DEBUG 2023-05-17 08:12:57,231 - STREAM b'tEXt' 78 25
DEBUG 2023-05-17 08:12:57,231 - STREAM b'IDAT' 115 8192
DEBUG 2023-05-17 08:12:57,251 - STREAM b'IHDR' 16 13
DEBUG 2023-05-17 08:12:57,252 - STREAM b'sBIT' 41 4
DEBUG 2023-05-17 08:12:57,252 - b'sBIT' 41 4 (unknown)
DEBUG 2023-05-17 08:12:57,252 - STREAM b'pHYs' 57 9
DEBUG 2023-05-17 08:12:57,252 - STREAM b'tEXt' 78 25
DEBUG 2023-05-17 08:12:57,252 - STREAM b'IDAT' 115 8192
DEBUG 2023-05-17 08:12:57,268 - STREAM b'IHDR' 16 13
DEBUG 2023-05-17 08:12:57,268 - STREAM b'sBIT' 41 4
DEBUG 2023-05-17 08:12:57,268 - b'sBIT' 41 4 (unknown)
DEBUG 2023-05-17 08:12:57,268 - STREAM b'pHYs' 57 9
DEBUG 2023-05-17 08:12:57,268 - STREAM b'tEXt' 78 25
DEBUG 2023-05-17 08:12:57,268 - STREAM b'IDAT' 115 8192
DEBUG 2023-05-17 08:12:57,285 - STREAM b'IHDR' 16 13
DEBUG 2023-05-17 08:12:57,285 - STREAM b'sBIT' 41 4
DEBUG 2023-05-17 08:12:57,285 - b'sBIT' 41 4 (unknown)
DEBUG 2023-05-17 08:12:57,285 - STREAM b'pHYs' 57 9
DEBUG 2023-05-17 08:12:57,285 - STREAM b'tEXt' 78 25
DEBUG 2023-05-17 08:12:57,285 - STREAM b'IDAT' 115 8192
DEBUG 2023-05-17 08:12:57,301 - STREAM b'IHDR' 16 13
DEBUG 2023-05-17 08:12:57,301 - STREAM b'sBIT' 41 4
DEBUG 2023-05-17 08:12:57,302 - b'sBIT' 41 4 (unknown)
DEBUG 2023-05-17 08:12:57,302 - STREAM b'pHYs' 57 9
DEBUG 2023-05-17 08:12:57,302 - STREAM b'tEXt' 78 25
DEBUG 2023-05-17 08:12:57,302 - STREAM b'IDAT' 115 8192
DEBUG 2023-05-17 08:12:57,318 - STREAM b'IHDR' 16 13
DEBUG 2023-05-17 08:12:57,318 - STREAM b'sBIT' 41 4
DEBUG 2023-05-17 08:12:57,318 - b'sBIT' 41 4 (unknown)
DEBUG 2023-05-17 08:12:57,318 - STREAM b'pHYs' 57 9
DEBUG 2023-05-17 08:12:57,318 - STREAM b'tEXt' 78 25
DEBUG 2023-05-17 08:12:57,318 - STREAM b'IDAT' 115 8192
DEBUG 2023-05-17 08:12:57,333 - STREAM b'IHDR' 16 13
DEBUG 2023-05-17 08:12:57,334 - STREAM b'sBIT' 41 4
DEBUG 2023-05-17 08:12:57,334 - b'sBIT' 41 4 (unknown)
DEBUG 2023-05-17 08:12:57,334 - STREAM b'pHYs' 57 9
DEBUG 2023-05-17 08:12:57,334 - STREAM b'tEXt' 78 25
DEBUG 2023-05-17 08:12:57,334 - STREAM b'IDAT' 115 8192
DEBUG 2023-05-17 08:12:57,350 - STREAM b'IHDR' 16 13
DEBUG 2023-05-17 08:12:57,350 - STREAM b'sBIT' 41 4
DEBUG 2023-05-17 08:12:57,350 - b'sBIT' 41 4 (unknown)
DEBUG 2023-05-17 08:12:57,350 - STREAM b'pHYs' 57 9
DEBUG 2023-05-17 08:12:57,350 - STREAM b'tEXt' 78 25
DEBUG 2023-05-17 08:12:57,350 - STREAM b'IDAT' 115 8192
DEBUG 2023-05-17 08:12:57,366 - STREAM b'IHDR' 16 13
DEBUG 2023-05-17 08:12:57,366 - STREAM b'sBIT' 41 4
DEBUG 2023-05-17 08:12:57,366 - b'sBIT' 41 4 (unknown)
DEBUG 2023-05-17 08:12:57,367 - STREAM b'pHYs' 57 9
DEBUG 2023-05-17 08:12:57,367 - STREAM b'tEXt' 78 25
DEBUG 2023-05-17 08:12:57,367 - STREAM b'IDAT' 115 8192
DEBUG 2023-05-17 08:12:57,390 - STREAM b'IHDR' 16 13
DEBUG 2023-05-17 08:12:57,390 - STREAM b'sBIT' 41 4
DEBUG 2023-05-17 08:12:57,390 - b'sBIT' 41 4 (unknown)
DEBUG 2023-05-17 08:12:57,390 - STREAM b'pHYs' 57 9
DEBUG 2023-05-17 08:12:57,390 - STREAM b'tEXt' 78 25
DEBUG 2023-05-17 08:12:57,390 - STREAM b'IDAT' 115 8192
DEBUG 2023-05-17 08:12:57,406 - STREAM b'IHDR' 16 13
DEBUG 2023-05-17 08:12:57,406 - STREAM b'sBIT' 41 4
DEBUG 2023-05-17 08:12:57,406 - b'sBIT' 41 4 (unknown)
DEBUG 2023-05-17 08:12:57,407 - STREAM b'pHYs' 57 9
DEBUG 2023-05-17 08:12:57,407 - STREAM b'tEXt' 78 25
DEBUG 2023-05-17 08:12:57,407 - STREAM b'IDAT' 115 8192
DEBUG 2023-05-17 08:12:57,423 - STREAM b'IHDR' 16 13
DEBUG 2023-05-17 08:12:57,423 - STREAM b'sBIT' 41 4
DEBUG 2023-05-17 08:12:57,423 - b'sBIT' 41 4 (unknown)
DEBUG 2023-05-17 08:12:57,423 - STREAM b'pHYs' 57 9
DEBUG 2023-05-17 08:12:57,423 - STREAM b'tEXt' 78 25
DEBUG 2023-05-17 08:12:57,423 - STREAM b'IDAT' 115 8192
DEBUG 2023-05-17 08:12:57,439 - STREAM b'IHDR' 16 13
DEBUG 2023-05-17 08:12:57,439 - STREAM b'sBIT' 41 4
DEBUG 2023-05-17 08:12:57,439 - b'sBIT' 41 4 (unknown)
DEBUG 2023-05-17 08:12:57,439 - STREAM b'pHYs' 57 9
DEBUG 2023-05-17 08:12:57,440 - STREAM b'tEXt' 78 25
DEBUG 2023-05-17 08:12:57,440 - STREAM b'IDAT' 115 8192
DEBUG 2023-05-17 08:12:57,455 - STREAM b'IHDR' 16 13
DEBUG 2023-05-17 08:12:57,455 - STREAM b'sBIT' 41 4
DEBUG 2023-05-17 08:12:57,456 - b'sBIT' 41 4 (unknown)
DEBUG 2023-05-17 08:12:57,456 - STREAM b'pHYs' 57 9
DEBUG 2023-05-17 08:12:57,456 - STREAM b'tEXt' 78 25
DEBUG 2023-05-17 08:12:57,456 - STREAM b'IDAT' 115 8192
DEBUG 2023-05-17 08:12:57,472 - STREAM b'IHDR' 16 13
DEBUG 2023-05-17 08:12:57,472 - STREAM b'sBIT' 41 4
DEBUG 2023-05-17 08:12:57,472 - b'sBIT' 41 4 (unknown)
DEBUG 2023-05-17 08:12:57,472 - STREAM b'pHYs' 57 9
DEBUG 2023-05-17 08:12:57,472 - STREAM b'tEXt' 78 25
DEBUG 2023-05-17 08:12:57,472 - STREAM b'IDAT' 115 8192
DEBUG 2023-05-17 08:12:57,488 - STREAM b'IHDR' 16 13
DEBUG 2023-05-17 08:12:57,488 - STREAM b'sBIT' 41 4
DEBUG 2023-05-17 08:12:57,488 - b'sBIT' 41 4 (unknown)
DEBUG 2023-05-17 08:12:57,488 - STREAM b'pHYs' 57 9
DEBUG 2023-05-17 08:12:57,488 - STREAM b'tEXt' 78 25
DEBUG 2023-05-17 08:12:57,488 - STREAM b'IDAT' 115 8192
DEBUG 2023-05-17 08:12:57,504 - STREAM b'IHDR' 16 13
DEBUG 2023-05-17 08:12:57,504 - STREAM b'sBIT' 41 4
DEBUG 2023-05-17 08:12:57,504 - b'sBIT' 41 4 (unknown)
DEBUG 2023-05-17 08:12:57,505 - STREAM b'pHYs' 57 9
DEBUG 2023-05-17 08:12:57,505 - STREAM b'tEXt' 78 25
DEBUG 2023-05-17 08:12:57,505 - STREAM b'IDAT' 115 8192
DEBUG 2023-05-17 08:12:57,521 - STREAM b'IHDR' 16 13
DEBUG 2023-05-17 08:12:57,521 - STREAM b'sBIT' 41 4
DEBUG 2023-05-17 08:12:57,521 - b'sBIT' 41 4 (unknown)
DEBUG 2023-05-17 08:12:57,521 - STREAM b'pHYs' 57 9
DEBUG 2023-05-17 08:12:57,521 - STREAM b'tEXt' 78 25
DEBUG 2023-05-17 08:12:57,521 - STREAM b'IDAT' 115 8192
DEBUG 2023-05-17 08:12:57,537 - STREAM b'IHDR' 16 13
DEBUG 2023-05-17 08:12:57,537 - STREAM b'sBIT' 41 4
DEBUG 2023-05-17 08:12:57,537 - b'sBIT' 41 4 (unknown)
DEBUG 2023-05-17 08:12:57,537 - STREAM b'pHYs' 57 9
DEBUG 2023-05-17 08:12:57,537 - STREAM b'tEXt' 78 25
DEBUG 2023-05-17 08:12:57,537 - STREAM b'IDAT' 115 8192
DEBUG 2023-05-17 08:12:57,553 - STREAM b'IHDR' 16 13
DEBUG 2023-05-17 08:12:57,553 - STREAM b'sBIT' 41 4
DEBUG 2023-05-17 08:12:57,553 - b'sBIT' 41 4 (unknown)
DEBUG 2023-05-17 08:12:57,554 - STREAM b'pHYs' 57 9
DEBUG 2023-05-17 08:12:57,554 - STREAM b'tEXt' 78 25
DEBUG 2023-05-17 08:12:57,554 - STREAM b'IDAT' 115 8192
DEBUG 2023-05-17 08:12:57,570 - STREAM b'IHDR' 16 13
DEBUG 2023-05-17 08:12:57,570 - STREAM b'sBIT' 41 4
DEBUG 2023-05-17 08:12:57,570 - b'sBIT' 41 4 (unknown)
DEBUG 2023-05-17 08:12:57,570 - STREAM b'pHYs' 57 9
DEBUG 2023-05-17 08:12:57,570 - STREAM b'tEXt' 78 25
DEBUG 2023-05-17 08:12:57,570 - STREAM b'IDAT' 115 8192
DEBUG 2023-05-17 08:12:57,591 - STREAM b'IHDR' 16 13
DEBUG 2023-05-17 08:12:57,591 - STREAM b'sBIT' 41 4
DEBUG 2023-05-17 08:12:57,591 - b'sBIT' 41 4 (unknown)
DEBUG 2023-05-17 08:12:57,591 - STREAM b'pHYs' 57 9
DEBUG 2023-05-17 08:12:57,591 - STREAM b'tEXt' 78 25
DEBUG 2023-05-17 08:12:57,591 - STREAM b'IDAT' 115 8192
